This file contains any messages produced by compilers while
running configure, to aid debugging if configure makes a mistake.

It was created by bill.cpp configure calc.cpp, which was
generated by GNU Autoconf 2.61.  Invocation command line was

  $ ./configure 

## --------- ##
## Platform. ##
## --------- ##

hostname = havana
uname -m = x86_64
uname -r = 4.4.0-36-generic
uname -s = Linux
uname -v = #55-Ubuntu SMP Thu Aug 11 18:01:55 UTC 2016

/usr/bin/uname -p = unknown
/bin/uname -X     = unknown

/bin/arch              = unknown
/usr/bin/arch -k       = unknown
/usr/convex/getsysinfo = unknown
/usr/bin/hostinfo      = unknown
/bin/machine           = unknown
/usr/bin/oslevel       = unknown
/bin/universe          = unknown

PATH: /opt/matlab/matlab2010a/bin
PATH: /opt/openmpi/openmpi-1.8.1/bin
PATH: /opt/Wolfram/Mathematica/10.4/Executables
PATH: /opt/gnuplot/gnuplot-5.1/bin
PATH: /opt/intel/compilers_and_libraries_2016.2.181/linux/bin/intel64
PATH: /opt/intel/compilers_and_libraries_2016.2.181/linux/mpi/intel64/bin
PATH: /opt/intel/debugger_2016/gdb/intel64_mic/bin
PATH: /home/horvat/bin
PATH: /usr/local/sbin
PATH: /usr/local/bin
PATH: /usr/sbin
PATH: /usr/bin
PATH: /sbin
PATH: /bin
PATH: /usr/games
PATH: /usr/local/games
PATH: /snap/bin


## ----------- ##
## Core tests. ##
## ----------- ##

configure:1765: checking for a BSD-compatible install
configure:1821: result: /usr/bin/install -c
configure:1832: checking whether build environment is sane
configure:1875: result: yes
configure:1903: checking for a thread-safe mkdir -p
configure:1942: result: /bin/mkdir -p
configure:1955: checking for gawk
configure:1971: found /usr/bin/gawk
configure:1982: result: gawk
configure:1993: checking whether make sets $(MAKE)
configure:2014: result: yes
configure:2425: checking for pkg-config
configure:2443: found /usr/bin/pkg-config
configure:2455: result: /usr/bin/pkg-config
configure:2484: checking pkg-config is at least version 0.9.0
configure:2487: result: yes
configure:2498: checking for LIBGLADE
configure:2506: $PKG_CONFIG --exists --print-errors "libglade-2.0 >= 2.0.0"
configure:2509: $? = 0
configure:2524: $PKG_CONFIG --exists --print-errors "libglade-2.0 >= 2.0.0"
configure:2527: $? = 0
configure:2567: result: yes
configure:2576: checking for GTK
configure:2584: $PKG_CONFIG --exists --print-errors "gtk+-2.0 >= 2.6"
configure:2587: $? = 0
configure:2602: $PKG_CONFIG --exists --print-errors "gtk+-2.0 >= 2.6"
configure:2605: $? = 0
configure:2645: result: yes
configure:2654: checking for GTHREADS
configure:2662: $PKG_CONFIG --exists --print-errors "gthread-2.0"
configure:2665: $? = 0
configure:2680: $PKG_CONFIG --exists --print-errors "gthread-2.0"
configure:2683: $? = 0
configure:2759: result: yes
configure:2814: checking for gcc
configure:2830: found /usr/bin/gcc
configure:2841: result: gcc
configure:3079: checking for C compiler version
configure:3086: gcc --version >&5
gcc (Ubuntu 5.4.0-6ubuntu1~16.04.2) 5.4.0 20160609
Copyright (C) 2015 Free Software Foundation, Inc.
This is free software; see the source for copying conditions.  There is NO
warranty; not even for MERCHANTABILITY or FITNESS FOR A PARTICULAR PURPOSE.

configure:3089: $? = 0
configure:3096: gcc -v >&5
Using built-in specs.
COLLECT_GCC=gcc
COLLECT_LTO_WRAPPER=/usr/lib/gcc/x86_64-linux-gnu/5/lto-wrapper
Target: x86_64-linux-gnu
Configured with: ../src/configure -v --with-pkgversion='Ubuntu 5.4.0-6ubuntu1~16.04.2' --with-bugurl=file:///usr/share/doc/gcc-5/README.Bugs --enable-languages=c,ada,c++,java,go,d,fortran,objc,obj-c++ --prefix=/usr --program-suffix=-5 --enable-shared --enable-linker-build-id --libexecdir=/usr/lib --without-included-gettext --enable-threads=posix --libdir=/usr/lib --enable-nls --with-sysroot=/ --enable-clocale=gnu --enable-libstdcxx-debug --enable-libstdcxx-time=yes --with-default-libstdcxx-abi=new --enable-gnu-unique-object --disable-vtable-verify --enable-libmpx --enable-plugin --with-system-zlib --disable-browser-plugin --enable-java-awt=gtk --enable-gtk-cairo --with-java-home=/usr/lib/jvm/java-1.5.0-gcj-5-amd64/jre --enable-java-home --with-jvm-root-dir=/usr/lib/jvm/java-1.5.0-gcj-5-amd64 --with-jvm-jar-dir=/usr/lib/jvm-exports/java-1.5.0-gcj-5-amd64 --with-arch-directory=amd64 --with-ecj-jar=/usr/share/java/eclipse-ecj.jar --enable-objc-gc --enable-multiarch --disable-werror --with-arch-32=i686 --with-abi=m64 --with-multilib-list=m32,m64,mx32 --enable-multilib --with-tune=generic --enable-checking=release --build=x86_64-linux-gnu --host=x86_64-linux-gnu --target=x86_64-linux-gnu
Thread model: posix
gcc version 5.4.0 20160609 (Ubuntu 5.4.0-6ubuntu1~16.04.2) 
configure:3099: $? = 0
configure:3106: gcc -V >&5
gcc: error: unrecognized command line option '-V'
gcc: fatal error: no input files
compilation terminated.
configure:3109: $? = 1
configure:3132: checking for C compiler default output file name
configure:3159: gcc    conftest.c  >&5
conftest.c:9:0: warning: "PACKAGE" redefined
 #define PACKAGE "calc"
 ^
conftest.c:7:0: note: this is the location of the previous definition
 #define PACKAGE "bill"
 ^
configure:3162: $? = 0
configure:3200: result: a.out
configure:3217: checking whether the C compiler works
configure:3227: ./a.out
configure:3230: $? = 0
configure:3247: result: yes
configure:3254: checking whether we are cross compiling
configure:3256: result: no
configure:3259: checking for suffix of executables
configure:3266: gcc -o conftest    conftest.c  >&5
conftest.c:9:0: warning: "PACKAGE" redefined
 #define PACKAGE "calc"
 ^
conftest.c:7:0: note: this is the location of the previous definition
 #define PACKAGE "bill"
 ^
configure:3269: $? = 0
configure:3293: result: 
configure:3299: checking for suffix of object files
configure:3325: gcc -c   conftest.c >&5
conftest.c:9:0: warning: "PACKAGE" redefined
 #define PACKAGE "calc"
 ^
conftest.c:7:0: note: this is the location of the previous definition
 #define PACKAGE "bill"
 ^
configure:3328: $? = 0
configure:3351: result: o
configure:3355: checking whether we are using the GNU C compiler
configure:3384: gcc -c   conftest.c >&5
conftest.c:9:0: warning: "PACKAGE" redefined
 #define PACKAGE "calc"
 ^
conftest.c:7:0: note: this is the location of the previous definition
 #define PACKAGE "bill"
 ^
configure:3390: $? = 0
configure:3407: result: yes
configure:3412: checking whether gcc accepts -g
configure:3442: gcc -c -g  conftest.c >&5
conftest.c:9:0: warning: "PACKAGE" redefined
 #define PACKAGE "calc"
 ^
conftest.c:7:0: note: this is the location of the previous definition
 #define PACKAGE "bill"
 ^
configure:3448: $? = 0
configure: failed program was:
| /* confdefs.h.  */
| #define PACKAGE_NAME "bill.cpp"
| #define PACKAGE_TARNAME "bill-cpp"
| #define PACKAGE_VERSION "calc.cpp"
| #define PACKAGE_STRING "bill.cpp calc.cpp"
| #define PACKAGE_BUGREPORT ""
| #define PACKAGE "bill"
| #define VERSION "0.1"
| #define PACKAGE "calc"
| #define VERSION "0.1"
| /* end confdefs.h.  */
| 
| int
| main ()
| {
| 
|   ;
|   return 0;
| }
configure:3480: gcc -c   conftest.c >&5
conftest.c:9:0: warning: "PACKAGE" redefined
 #define PACKAGE "calc"
 ^
conftest.c:7:0: note: this is the location of the previous definition
 #define PACKAGE "bill"
 ^
configure:3486: $? = 0
configure: failed program was:
| /* confdefs.h.  */
| #define PACKAGE_NAME "bill.cpp"
| #define PACKAGE_TARNAME "bill-cpp"
| #define PACKAGE_VERSION "calc.cpp"
| #define PACKAGE_STRING "bill.cpp calc.cpp"
| #define PACKAGE_BUGREPORT ""
| #define PACKAGE "bill"
| #define VERSION "0.1"
| #define PACKAGE "calc"
| #define VERSION "0.1"
| /* end confdefs.h.  */
| 
| int
| main ()
| {
| 
|   ;
|   return 0;
| }
configure:3519: gcc -c -g  conftest.c >&5
conftest.c:9:0: warning: "PACKAGE" redefined
 #define PACKAGE "calc"
 ^
conftest.c:7:0: note: this is the location of the previous definition
 #define PACKAGE "bill"
 ^
configure:3525: $? = 0
configure:3547: result: yes
configure:3564: checking for gcc option to accept ISO C89
configure:3638: gcc  -c -g -O2  conftest.c >&5
conftest.c:9:0: warning: "PACKAGE" redefined
 #define PACKAGE "calc"
 ^
conftest.c:7:0: note: this is the location of the previous definition
 #define PACKAGE "bill"
 ^
configure:3644: $? = 0
configure:3667: result: none needed
configure:3696: checking for style of include used by make
configure:3724: result: GNU
configure:3749: checking dependency style of gcc
configure:3840: result: gcc3
configure:3857: checking dependency style of gcc
configure:3948: result: gcc3
configure:4022: checking for g++
configure:4038: found /usr/bin/g++
configure:4049: result: g++
configure:4080: checking for C++ compiler version
configure:4087: g++ --version >&5
g++ (Ubuntu 5.4.0-6ubuntu1~16.04.2) 5.4.0 20160609
Copyright (C) 2015 Free Software Foundation, Inc.
This is free software; see the source for copying conditions.  There is NO
warranty; not even for MERCHANTABILITY or FITNESS FOR A PARTICULAR PURPOSE.

configure:4090: $? = 0
configure:4097: g++ -v >&5
Using built-in specs.
COLLECT_GCC=g++
COLLECT_LTO_WRAPPER=/usr/lib/gcc/x86_64-linux-gnu/5/lto-wrapper
Target: x86_64-linux-gnu
Configured with: ../src/configure -v --with-pkgversion='Ubuntu 5.4.0-6ubuntu1~16.04.2' --with-bugurl=file:///usr/share/doc/gcc-5/README.Bugs --enable-languages=c,ada,c++,java,go,d,fortran,objc,obj-c++ --prefix=/usr --program-suffix=-5 --enable-shared --enable-linker-build-id --libexecdir=/usr/lib --without-included-gettext --enable-threads=posix --libdir=/usr/lib --enable-nls --with-sysroot=/ --enable-clocale=gnu --enable-libstdcxx-debug --enable-libstdcxx-time=yes --with-default-libstdcxx-abi=new --enable-gnu-unique-object --disable-vtable-verify --enable-libmpx --enable-plugin --with-system-zlib --disable-browser-plugin --enable-java-awt=gtk --enable-gtk-cairo --with-java-home=/usr/lib/jvm/java-1.5.0-gcj-5-amd64/jre --enable-java-home --with-jvm-root-dir=/usr/lib/jvm/java-1.5.0-gcj-5-amd64 --with-jvm-jar-dir=/usr/lib/jvm-exports/java-1.5.0-gcj-5-amd64 --with-arch-directory=amd64 --with-ecj-jar=/usr/share/java/eclipse-ecj.jar --enable-objc-gc --enable-multiarch --disable-werror --with-arch-32=i686 --with-abi=m64 --with-multilib-list=m32,m64,mx32 --enable-multilib --with-tune=generic --enable-checking=release --build=x86_64-linux-gnu --host=x86_64-linux-gnu --target=x86_64-linux-gnu
Thread model: posix
gcc version 5.4.0 20160609 (Ubuntu 5.4.0-6ubuntu1~16.04.2) 
configure:4100: $? = 0
configure:4107: g++ -V >&5
g++: error: unrecognized command line option '-V'
g++: fatal error: no input files
compilation terminated.
configure:4110: $? = 1
configure:4113: checking whether we are using the GNU C++ compiler
configure:4142: g++ -c   conftest.cpp >&5
conftest.cpp:9:0: warning: "PACKAGE" redefined
 #define PACKAGE "calc"
 ^
conftest.cpp:7:0: note: this is the location of the previous definition
 #define PACKAGE "bill"
 ^
configure:4148: $? = 0
configure:4165: result: yes
configure:4170: checking whether g++ accepts -g
configure:4200: g++ -c -g  conftest.cpp >&5
conftest.cpp:9:0: warning: "PACKAGE" redefined
 #define PACKAGE "calc"
 ^
conftest.cpp:7:0: note: this is the location of the previous definition
 #define PACKAGE "bill"
 ^
configure:4206: $? = 0
configure: failed program was:
| /* confdefs.h.  */
| #define PACKAGE_NAME "bill.cpp"
| #define PACKAGE_TARNAME "bill-cpp"
| #define PACKAGE_VERSION "calc.cpp"
| #define PACKAGE_STRING "bill.cpp calc.cpp"
| #define PACKAGE_BUGREPORT ""
| #define PACKAGE "bill"
| #define VERSION "0.1"
| #define PACKAGE "calc"
| #define VERSION "0.1"
| /* end confdefs.h.  */
| 
| int
| main ()
| {
| 
|   ;
|   return 0;
| }
configure:4238: g++ -c   conftest.cpp >&5
conftest.cpp:9:0: warning: "PACKAGE" redefined
 #define PACKAGE "calc"
 ^
conftest.cpp:7:0: note: this is the location of the previous definition
 #define PACKAGE "bill"
 ^
configure:4244: $? = 0
configure: failed program was:
| /* confdefs.h.  */
| #define PACKAGE_NAME "bill.cpp"
| #define PACKAGE_TARNAME "bill-cpp"
| #define PACKAGE_VERSION "calc.cpp"
| #define PACKAGE_STRING "bill.cpp calc.cpp"
| #define PACKAGE_BUGREPORT ""
| #define PACKAGE "bill"
| #define VERSION "0.1"
| #define PACKAGE "calc"
| #define VERSION "0.1"
| /* end confdefs.h.  */
| 
| int
| main ()
| {
| 
|   ;
|   return 0;
| }
configure:4277: g++ -c -g  conftest.cpp >&5
conftest.cpp:9:0: warning: "PACKAGE" redefined
 #define PACKAGE "calc"
 ^
conftest.cpp:7:0: note: this is the location of the previous definition
 #define PACKAGE "bill"
 ^
configure:4283: $? = 0
configure:4305: result: yes
configure:4330: checking dependency style of g++
configure:4421: result: gcc3
configure:4438: checking dependency style of g++
configure:4529: result: gcc3
configure:4558: checking for a BSD-compatible install
configure:4614: result: /usr/bin/install -c
configure:4763: creating ./config.status

## ---------------------- ##
## Running config.status. ##
## ---------------------- ##

This file was extended by bill.cpp config.status calc.cpp, which was
generated by GNU Autoconf 2.61.  Invocation command line was

  CONFIG_FILES    = 
  CONFIG_HEADERS  = 
  CONFIG_LINKS    = 
  CONFIG_COMMANDS = 
  $ ./config.status 

on havana

config.status:645: creating Makefile
config.status:645: creating config.h
config.status:863: config.h is unchanged
config.status:910: executing depfiles commands

## ---------------- ##
## Cache variables. ##
## ---------------- ##

ac_cv_c_compiler_gnu=yes
ac_cv_cxx_compiler_gnu=yes
ac_cv_env_CCC_set=
ac_cv_env_CCC_value=
ac_cv_env_CC_set=
ac_cv_env_CC_value=
ac_cv_env_CFLAGS_set=
ac_cv_env_CFLAGS_value=
ac_cv_env_CPPFLAGS_set=
ac_cv_env_CPPFLAGS_value=
ac_cv_env_CXXFLAGS_set=
ac_cv_env_CXXFLAGS_value=
ac_cv_env_CXX_set=
ac_cv_env_CXX_value=
ac_cv_env_GTHREADS_CFLAGS_set=
ac_cv_env_GTHREADS_CFLAGS_value=
ac_cv_env_GTHREADS_LIBS_set=
ac_cv_env_GTHREADS_LIBS_value=
ac_cv_env_GTK_CFLAGS_set=
ac_cv_env_GTK_CFLAGS_value=
ac_cv_env_GTK_LIBS_set=
ac_cv_env_GTK_LIBS_value=
ac_cv_env_LDFLAGS_set=
ac_cv_env_LDFLAGS_value=
ac_cv_env_LIBGLADE_CFLAGS_set=
ac_cv_env_LIBGLADE_CFLAGS_value=
ac_cv_env_LIBGLADE_LIBS_set=
ac_cv_env_LIBGLADE_LIBS_value=
ac_cv_env_LIBS_set=
ac_cv_env_LIBS_value=
ac_cv_env_PKG_CONFIG_set=
ac_cv_env_PKG_CONFIG_value=
ac_cv_env_build_alias_set=
ac_cv_env_build_alias_value=
ac_cv_env_host_alias_set=
ac_cv_env_host_alias_value=
ac_cv_env_target_alias_set=
ac_cv_env_target_alias_value=
ac_cv_objext=o
ac_cv_path_ac_pt_PKG_CONFIG=/usr/bin/pkg-config
ac_cv_path_install='/usr/bin/install -c'
ac_cv_path_mkdir=/bin/mkdir
ac_cv_prog_AWK=gawk
ac_cv_prog_ac_ct_CC=gcc
ac_cv_prog_ac_ct_CXX=g++
ac_cv_prog_cc_c89=
ac_cv_prog_cc_g=yes
ac_cv_prog_cxx_g=yes
ac_cv_prog_make_make_set=yes
am_cv_CC_dependencies_compiler_type=gcc3
am_cv_CXX_dependencies_compiler_type=gcc3
pkg_cv_GTHREADS_CFLAGS='-pthread -I/usr/include/glib-2.0 -I/usr/lib/x86_64-linux-gnu/glib-2.0/include'
pkg_cv_GTHREADS_LIBS='-lgthread-2.0 -pthread -lglib-2.0'
pkg_cv_GTK_CFLAGS='-pthread -I/usr/include/gtk-2.0 -I/usr/lib/x86_64-linux-gnu/gtk-2.0/include -I/usr/include/gio-unix-2.0/ -I/usr/include/cairo -I/usr/include/pango-1.0 -I/usr/include/atk-1.0 -I/usr/include/cairo -I/usr/include/pixman-1 -I/usr/include/libpng12 -I/usr/include/gdk-pixbuf-2.0 -I/usr/include/libpng12 -I/usr/include/pango-1.0 -I/usr/include/harfbuzz -I/usr/include/pango-1.0 -I/usr/include/glib-2.0 -I/usr/lib/x86_64-linux-gnu/glib-2.0/include -I/usr/include/freetype2'
pkg_cv_GTK_LIBS='-lgtk-x11-2.0 -lgdk-x11-2.0 -lpangocairo-1.0 -latk-1.0 -lcairo -lgdk_pixbuf-2.0 -lgio-2.0 -lpangoft2-1.0 -lpango-1.0 -lgobject-2.0 -lglib-2.0 -lfontconfig -lfreetype'
pkg_cv_LIBGLADE_CFLAGS='-pthread -I/usr/include/libglade-2.0 -I/usr/include/gtk-2.0 -I/usr/lib/x86_64-linux-gnu/gtk-2.0/include -I/usr/include/gio-unix-2.0/ -I/usr/include/cairo -I/usr/include/pango-1.0 -I/usr/include/atk-1.0 -I/usr/include/cairo -I/usr/include/pixman-1 -I/usr/include/libpng12 -I/usr/include/gdk-pixbuf-2.0 -I/usr/include/libpng12 -I/usr/include/pango-1.0 -I/usr/include/harfbuzz -I/usr/include/pango-1.0 -I/usr/include/glib-2.0 -I/usr/lib/x86_64-linux-gnu/glib-2.0/include -I/usr/include/freetype2 -I/usr/include/libxml2'
pkg_cv_LIBGLADE_LIBS='-lglade-2.0 -lgtk-x11-2.0 -lgdk-x11-2.0 -lpangocairo-1.0 -latk-1.0 -lcairo -lgdk_pixbuf-2.0 -lgio-2.0 -lpangoft2-1.0 -lpango-1.0 -lgobject-2.0 -lglib-2.0 -lfontconfig -lfreetype -lxml2'

## ----------------- ##
## Output variables. ##
## ----------------- ##

ACLOCAL='${SHELL} /home/horvat/Dropbox/Martin/Work/bill/git/unidir-billards/prog_linux/missing --run aclocal-1.10'
AMDEPBACKSLASH='\'
AMDEP_FALSE='#'
AMDEP_TRUE=''
AMTAR='${SHELL} /home/horvat/Dropbox/Martin/Work/bill/git/unidir-billards/prog_linux/missing --run tar'
AUTOCONF='${SHELL} /home/horvat/Dropbox/Martin/Work/bill/git/unidir-billards/prog_linux/missing --run autoconf'
AUTOHEADER='${SHELL} /home/horvat/Dropbox/Martin/Work/bill/git/unidir-billards/prog_linux/missing --run autoheader'
AUTOMAKE='${SHELL} /home/horvat/Dropbox/Martin/Work/bill/git/unidir-billards/prog_linux/missing --run automake-1.10'
AWK='gawk'
CC='gcc'
CCDEPMODE='depmode=gcc3'
CFLAGS='-g -O2'
CPPFLAGS=''
CXX='g++'
CXXDEPMODE='depmode=gcc3'
CXXFLAGS='-g -O2'
CYGPATH_W='echo'
DEFS='-DHAVE_CONFIG_H'
DEPDIR='.deps'
ECHO_C=''
ECHO_N='-n'
ECHO_T=''
EXEEXT=''
GTHREADS_CFLAGS='-pthread -I/usr/include/glib-2.0 -I/usr/lib/x86_64-linux-gnu/glib-2.0/include'
GTHREADS_LIBS='-lgthread-2.0 -pthread -lglib-2.0'
GTK_CFLAGS='-pthread -I/usr/include/gtk-2.0 -I/usr/lib/x86_64-linux-gnu/gtk-2.0/include -I/usr/include/gio-unix-2.0/ -I/usr/include/cairo -I/usr/include/pango-1.0 -I/usr/include/atk-1.0 -I/usr/include/cairo -I/usr/include/pixman-1 -I/usr/include/libpng12 -I/usr/include/gdk-pixbuf-2.0 -I/usr/include/libpng12 -I/usr/include/pango-1.0 -I/usr/include/harfbuzz -I/usr/include/pango-1.0 -I/usr/include/glib-2.0 -I/usr/lib/x86_64-linux-gnu/glib-2.0/include -I/usr/include/freetype2'
GTK_LIBS='-lgtk-x11-2.0 -lgdk-x11-2.0 -lpangocairo-1.0 -latk-1.0 -lcairo -lgdk_pixbuf-2.0 -lgio-2.0 -lpangoft2-1.0 -lpango-1.0 -lgobject-2.0 -lglib-2.0 -lfontconfig -lfreetype'
INSTALL_DATA='${INSTALL} -m 644'
INSTALL_PROGRAM='${INSTALL}'
INSTALL_SCRIPT='${INSTALL}'
INSTALL_STRIP_PROGRAM='$(install_sh) -c -s'
LDFLAGS=''
LIBGLADE_CFLAGS='-pthread -I/usr/include/libglade-2.0 -I/usr/include/gtk-2.0 -I/usr/lib/x86_64-linux-gnu/gtk-2.0/include -I/usr/include/gio-unix-2.0/ -I/usr/include/cairo -I/usr/include/pango-1.0 -I/usr/include/atk-1.0 -I/usr/include/cairo -I/usr/include/pixman-1 -I/usr/include/libpng12 -I/usr/include/gdk-pixbuf-2.0 -I/usr/include/libpng12 -I/usr/include/pango-1.0 -I/usr/include/harfbuzz -I/usr/include/pango-1.0 -I/usr/include/glib-2.0 -I/usr/lib/x86_64-linux-gnu/glib-2.0/include -I/usr/include/freetype2 -I/usr/include/libxml2'
LIBGLADE_LIBS='-lglade-2.0 -lgtk-x11-2.0 -lgdk-x11-2.0 -lpangocairo-1.0 -latk-1.0 -lcairo -lgdk_pixbuf-2.0 -lgio-2.0 -lpangoft2-1.0 -lpango-1.0 -lgobject-2.0 -lglib-2.0 -lfontconfig -lfreetype -lxml2'
LIBOBJS=''
LIBS=''
LTLIBOBJS=''
MAKEINFO='${SHELL} /home/horvat/Dropbox/Martin/Work/bill/git/unidir-billards/prog_linux/missing --run makeinfo'
OBJEXT='o'
PACKAGE='calc'
PACKAGE_BUGREPORT=''
PACKAGE_NAME='bill.cpp'
PACKAGE_STRING='bill.cpp calc.cpp'
PACKAGE_TARNAME='bill-cpp'
PACKAGE_VERSION='calc.cpp'
PATH_SEPARATOR=':'
PKG_CONFIG='/usr/bin/pkg-config'
SET_MAKE=''
SHELL='/bin/bash'
STRIP=''
VERSION='0.1'
ac_ct_CC='gcc'
ac_ct_CXX='g++'
am__fastdepCC_FALSE='#'
am__fastdepCC_TRUE=''
am__fastdepCXX_FALSE='#'
am__fastdepCXX_TRUE=''
am__include='include'
am__isrc=''
am__leading_dot='.'
am__quote=''
am__tar='${AMTAR} chof - "$$tardir"'
am__untar='${AMTAR} xf -'
bindir='${exec_prefix}/bin'
build_alias=''
datadir='${datarootdir}'
datarootdir='${prefix}/share'
docdir='${datarootdir}/doc/${PACKAGE_TARNAME}'
dvidir='${docdir}'
exec_prefix='${prefix}'
host_alias=''
htmldir='${docdir}'
includedir='${prefix}/include'
infodir='${datarootdir}/info'
install_sh='$(SHELL) /home/horvat/Dropbox/Martin/Work/bill/git/unidir-billards/prog_linux/install-sh'
libdir='${exec_prefix}/lib'
libexecdir='${exec_prefix}/libexec'
localedir='${datarootdir}/locale'
localstatedir='${prefix}/var'
mandir='${datarootdir}/man'
mkdir_p='/bin/mkdir -p'
oldincludedir='/usr/include'
pdfdir='${docdir}'
prefix='/usr/local'
program_transform_name='s,x,x,'
psdir='${docdir}'
sbindir='${exec_prefix}/sbin'
sharedstatedir='${prefix}/com'
sysconfdir='${prefix}/etc'
target_alias=''

## ----------- ##
## confdefs.h. ##
## ----------- ##

#define PACKAGE_NAME "bill.cpp"
#define PACKAGE_TARNAME "bill-cpp"
#define PACKAGE_VERSION "calc.cpp"
#define PACKAGE_STRING "bill.cpp calc.cpp"
#define PACKAGE_BUGREPORT ""
#define PACKAGE "bill"
#define VERSION "0.1"
#define PACKAGE "calc"
#define VERSION "0.1"

configure: exit 0

## ---------------------- ##
## Running config.status. ##
## ---------------------- ##

This file was extended by bill.cpp config.status calc.cpp, which was
generated by GNU Autoconf 2.61.  Invocation command line was

  CONFIG_FILES    = 
  CONFIG_HEADERS  = 
  CONFIG_LINKS    = 
  CONFIG_COMMANDS = 
  $ ./config.status Makefile depfiles

on havana

config.status:645: creating Makefile
config.status:910: executing depfiles commands

## ---------------------- ##
## Running config.status. ##
## ---------------------- ##

This file was extended by bill.cpp config.status calc.cpp, which was
generated by GNU Autoconf 2.61.  Invocation command line was

  CONFIG_FILES    = 
  CONFIG_HEADERS  = 
  CONFIG_LINKS    = 
  CONFIG_COMMANDS = 
  $ ./config.status config.h

on havana

config.status:645: creating config.h
